
   SAM 2016 Assembler Listing

   May 3, 2016 at 7:48 P.M.
   SOURCE FILE: no.asm

        LN    LC
         0     0: LDA       R15,VARS
         1     4: LD    R0,NINT
         2     8: STO    R0, +0(R15)
         3     C: LD    R0,NINT
         4    10: STO    R0, +2(R15)
         5    14: LD    R0,NINT
         6    18: STO    R0, +4(R15)
         7    1C: LD    R0,NREAL
         8    20: LD    R1, #4
         9    24: STO    R0, +6(R15)
        10    28: LD    R0,NREAL
        11    2C: LD    R1, #4
        12    30: STO    R0, +10(R15)
        13    34: LD    R0,NREAL
        14    38: LD    R1, #4
        15    3C: STO    R0, +14(R15)
        16    40: LD    R0,#1
        17    44: STO    R0, +0(R15)
        18    48: LD    R0,#170
        19    4C: STO    R0, +2(R15)
        20    50: LDA    R0,FTEMP0
        21    54: LD    R1,#4
        22    58: BKT    R0, +18(R15)
        23    5C: LDA    R0, +18(R15)
        24    60: LD    R1,#4
        25    64: BKT    R0, +6(R15)
        26    68: LDA    R0,FTEMP1
        27    6C: LD    R1,#4
        28    70: BKT    R0, +22(R15)
        29    74: LDA    R0, +22(R15)
        30    78: LD    R1,#4
        31    7C: BKT    R0, +10(R15)
        32    80: WRI     +0(R15)
        33    84: WRNL      
        34    86: WRI     +2(R15)
        35    8A: WRNL      
        36    8C: WRI     +0(R15)
        37    90: WRI     +2(R15)
        38    94: WRNL      
        39    96: WRF     +6(R15)
        40    9A: WRNL      
        41    9C: WRF     +10(R15)
        42    A0: WRNL      
        43    A2: WRF     +6(R15)
        44    A6: WRF     +10(R15)
        45    AA: WRNL      
        46    AC: WRI     +0(R15)
        47    B0: WRI     +2(R15)
        48    B4: WRF     +6(R15)
        49    B8: WRF     +10(R15)
        50    BC: WRNL      
        51    BE: LD R0, +0(R15)
        52    C2: LD R2, +2(R15)
        53    C6: IA R0,R2
        54    C8: STO    R0, +26(R15)
        55    CC: WRI     +26(R15)
        56    D0: WRNL      
        57    D2: LD R0, +0(R15)
        58    D6: LD    R2, #2
        59    DA: IA R0,R2
        60    DC: STO    R0, +28(R15)
        61    E0: LD    R0, +28(R15)
        62    E4: STO R0, +4(R15)
        63    E8: WRI     +4(R15)
        64    EC: WRNL      
        65    EE: LD R0, +2(R15)
        66    F2: LD R2, +0(R15)
        67    F6: IA R0,R2
        68    F8: STO    R0, +30(R15)
        69    FC: LD R0, +30(R15)
        70   100: LD    R2, #3
        71   104: IA R0,R2
        72   106: STO    R0, +32(R15)
        73   10A: LD    R0, +32(R15)
        74   10E: STO R0, +4(R15)
        75   112: WRI     +4(R15)
        76   116: WRNL      
        77   118: LD R0, +6(R15)
        78   11C: LD R2, +10(R15)
        79   120: FA R0,R2
        80   122: STO    R0, +34(R15)
        81   126: WRF     +34(R15)
        82   12A: WRNL      
        83   12C: LD R0, +10(R15)
        84   130: LD R2, +6(R15)
        85   134: FA R0,R2
        86   136: STO    R0, +38(R15)
        87   13A: LDA    R0, +38(R15)
        88   13E: LD    R1,#4
        89   142: BKT    R0, +14(R15)
        90   146: WRF     +14(R15)
        91   14A: WRNL      
        92   14C: LDA    R0,FTEMP2
        93   150: LD    R1,#4
        94   154: BKT    R0, +42(R15)
        95   158: LDA    R0, +42(R15)
        96   15C: LD    R1,#4
        97   160: BKT    R0, +6(R15)
        98   164: LDA    R0,FTEMP3
        99   168: LD    R1,#4
       100   16C: BKT    R0, +46(R15)
       101   170: LDA    R0, +46(R15)
       102   174: LD    R1,#4
       103   178: BKT    R0, +10(R15)
       104   17C: LD R0, +6(R15)
       105   180: LD R2, +10(R15)
       106   184: FA R0,R2
       107   186: STO    R0, +50(R15)
       108   18A: LDA    R0, +50(R15)
       109   18E: LD    R1,#4
       110   192: BKT    R0, +14(R15)
       111   196: WRF     +6(R15)
       112   19A: WRNL      
       113   19C: WRF     +10(R15)
       114   1A0: WRNL      
       115   1A2: WRF     +14(R15)
       116   1A6: WRNL      
       117   1A8: LDA    R0,FTEMP4
       118   1AC: LD    R1,#4
       119   1B0: BKT    R0, +54(R15)
       120   1B4: LDA    R0, +54(R15)
       121   1B8: LD    R1,#4
       122   1BC: BKT    R0, +6(R15)
       123   1C0: LDA    R0,FTEMP5
       124   1C4: LD    R1,#4
       125   1C8: BKT    R0, +58(R15)
       126   1CC: LDA    R0, +58(R15)
       127   1D0: LD    R1,#4
       128   1D4: BKT    R0, +10(R15)
       129   1D8: LDA    R0,FTEMP6
       130   1DC: LD    R1,#4
       131   1E0: BKT    R0, +62(R15)
       132   1E4: LDA    R0,FTEMP7
       133   1E8: LD    R1,#4
       134   1EC: BKT    R0, +66(R15)
       135   1F0: LD R0, +62(R15)
       136   1F4: LD R2, +66(R15)
       137   1F8: FA R0,R2
       138   1FA: STO    R0, +70(R15)
       139   1FE: LDA    R0, +70(R15)
       140   202: LD    R1,#4
       141   206: BKT    R0, +14(R15)
       142   20A: WRF     +6(R15)
       143   20E: WRNL      
       144   210: WRF     +10(R15)
       145   214: WRNL      
       146   216: WRF     +14(R15)
       147   21A: WRNL      
       148   21C: LDA    R0,FTEMP8
       149   220: LD    R1,#4
       150   224: BKT    R0, +74(R15)
       151   228: LDA    R0, +74(R15)
       152   22C: LD    R1,#4
       153   230: BKT    R0, +6(R15)
       154   234: LDA    R0,FTEMP9
       155   238: LD    R1,#4
       156   23C: BKT    R0, +78(R15)
       157   240: LDA    R0, +78(R15)
       158   244: LD    R1,#4
       159   248: BKT    R0, +10(R15)
       160   24C: LD R0, +6(R15)
       161   250: LD R2, +10(R15)
       162   254: FA R0,R2
       163   256: STO    R0, +82(R15)
       164   25A: LDA    R0, +82(R15)
       165   25E: LD    R1,#4
       166   262: BKT    R0, +14(R15)
       167   266: WRF     +6(R15)
       168   26A: WRNL      
       169   26C: WRF     +10(R15)
       170   270: WRNL      
       171   272: WRF     +14(R15)
       172   276: WRNL      
       173   278: LD    R0,#2
       174   27C: STO    R0, +0(R15)
       175   280: WRI     +0(R15)
       176   284: WRNL      
       177   286: LD    R0,#6
       178   28A: STO    R0, +2(R15)
       179   28E: WRI     +2(R15)
       180   292: WRNL      
       181   294: LD R0, +0(R15)
       182   298: LD R2, +2(R15)
       183   29C: IM R0,R2
       184   29E: STO    R0, +86(R15)
       185   2A2: LD    R0, +86(R15)
       186   2A6: STO R0, +4(R15)
       187   2AA: WRI     +4(R15)
       188   2AE: WRNL      
       189   2B0: LD R0, +2(R15)
       190   2B4: LD R2, +0(R15)
       191   2B8: ID R0,R2
       192   2BA: STO    R0, +88(R15)
       193   2BE: LD    R0, +88(R15)
       194   2C2: STO R0, +4(R15)
       195   2C6: WRI     +4(R15)
       196   2CA: WRNL      
       197   2CC: HALT      
       198   2CE: LABEL     VARS
       199   2CE: SKIP    2
       200   2D0: SKIP    2
       201   2D2: SKIP    2
       202   2D4: SKIP    4
       203   2D8: SKIP    4
       204   2DC: SKIP    4
       205   2E0: SKIP    4
       206   2E4: SKIP    4
       207   2E8: SKIP    2
       208   2EA: SKIP    2
       209   2EC: SKIP    2
       210   2EE: SKIP    2
       211   2F0: SKIP    4
       212   2F4: SKIP    4
       213   2F8: SKIP    4
       214   2FC: SKIP    4
       215   300: SKIP    4
       216   304: SKIP    4
       217   308: SKIP    4
       218   30C: SKIP    4
       219   310: SKIP    4
       220   314: SKIP    4
       221   318: SKIP    4
       222   31C: SKIP    4
       223   320: SKIP    4
       224   324: SKIP    2
       225   326: SKIP    2
       226   328: LABEL    NINT
       227   328: INT    0
       228   32A: LABEL    NREAL
       229   32A: REAL    0.0
       230   32E: LABEL    NSTRING
       231   32E: STRING    "\000"
       232   334: LABEL    FBOOL
       233   334: STRING    "FALSE"
       234   33A: LABEL    TBOOL
       235   33A: STRING    "TRUE"
       236   340: LABEL    BIGEMPT
       237   340: SKIP    1024
       238   740: LABEL    FTEMP0
       239   740: REAL    1.100000
       240   744: LABEL    FTEMP1
       241   744: REAL    2.200000
       242   748: LABEL    FTEMP2
       243   748: REAL    1.010000
       244   74C: LABEL    FTEMP3
       245   74C: REAL    1.010000
       246   750: LABEL    FTEMP4
       247   750: REAL    123.099998
       248   754: LABEL    FTEMP5
       249   754: REAL    321.100006
       250   758: LABEL    FTEMP6
       251   758: REAL    1.100000
       252   75C: LABEL    FTEMP7
       253   75C: REAL    2.000000
       254   760: LABEL    FTEMP8
       255   760: REAL    6.000000
       256   764: LABEL    FTEMP9
       257   764: REAL    5.100000


MACC Memory Hexadecimal Dump

 ADDR |   0   1   2   3   4   5   6   7   8   9   A   B   C   D   E   F
------+----------------------------------------------------------------
    0 |  9F  90  02  CE  88  10  03  28  90  2F  00  00  88  10  03  28
   10 |  90  2F  00  02  88  10  03  28  90  2F  00  04  88  10  03  2A
   20 |  88  B0  00  04  90  2F  00  06  88  10  03  2A  88  B0  00  04
   30 |  90  2F  00  0A  88  10  03  2A  88  B0  00  04  90  2F  00  0E
   40 |  88  30  00  01  90  2F  00  00  88  30  00  AA  90  2F  00  02
   50 |  98  10  07  40  88  B0  00  04  80  2F  00  12  98  2F  00  12
   60 |  88  B0  00  04  80  2F  00  06  98  10  07  44  88  B0  00  04
   70 |  80  2F  00  16  98  2F  00  16  88  B0  00  04  80  2F  00  0A
   80 |  D0  2F  00  00  D5  80  D0  2F  00  02  D5  80  D0  2F  00  00
   90 |  D0  2F  00  02  D5  80  D0  AF  00  06  D5  80  D0  AF  00  0A
   A0 |  D5  80  D0  AF  00  06  D0  AF  00  0A  D5  80  D0  2F  00  00
   B0 |  D0  2F  00  02  D0  AF  00  06  D0  AF  00  0A  D5  80  88  2F
   C0 |  00  00  89  2F  00  02  08  02  90  2F  00  1A  D0  2F  00  1A
   D0 |  D5  80  88  2F  00  00  89  30  00  02  08  02  90  2F  00  1C
   E0 |  88  2F  00  1C  90  2F  00  04  D0  2F  00  04  D5  80  88  2F
   F0 |  00  02  89  2F  00  00  08  02  90  2F  00  1E  88  2F  00  1E
  100 |  89  30  00  03  08  02  90  2F  00  20  88  2F  00  20  90  2F
  110 |  00  04  D0  2F  00  04  D5  80  88  2F  00  06  89  2F  00  0A
  120 |  30  02  90  2F  00  22  D0  AF  00  22  D5  80  88  2F  00  0A
  130 |  89  2F  00  06  30  02  90  2F  00  26  98  2F  00  26  88  B0
  140 |  00  04  80  2F  00  0E  D0  AF  00  0E  D5  80  98  10  07  48
  150 |  88  B0  00  04  80  2F  00  2A  98  2F  00  2A  88  B0  00  04
  160 |  80  2F  00  06  98  10  07  4C  88  B0  00  04  80  2F  00  2E
  170 |  98  2F  00  2E  88  B0  00  04  80  2F  00  0A  88  2F  00  06
  180 |  89  2F  00  0A  30  02  90  2F  00  32  98  2F  00  32  88  B0
  190 |  00  04  80  2F  00  0E  D0  AF  00  06  D5  80  D0  AF  00  0A
  1A0 |  D5  80  D0  AF  00  0E  D5  80  98  10  07  50  88  B0  00  04
  1B0 |  80  2F  00  36  98  2F  00  36  88  B0  00  04  80  2F  00  06
  1C0 |  98  10  07  54  88  B0  00  04  80  2F  00  3A  98  2F  00  3A
  1D0 |  88  B0  00  04  80  2F  00  0A  98  10  07  58  88  B0  00  04
  1E0 |  80  2F  00  3E  98  10  07  5C  88  B0  00  04  80  2F  00  42
  1F0 |  88  2F  00  3E  89  2F  00  42  30  02  90  2F  00  46  98  2F
  200 |  00  46  88  B0  00  04  80  2F  00  0E  D0  AF  00  06  D5  80
  210 |  D0  AF  00  0A  D5  80  D0  AF  00  0E  D5  80  98  10  07  60
  220 |  88  B0  00  04  80  2F  00  4A  98  2F  00  4A  88  B0  00  04
  230 |  80  2F  00  06  98  10  07  64  88  B0  00  04  80  2F  00  4E
  240 |  98  2F  00  4E  88  B0  00  04  80  2F  00  0A  88  2F  00  06
  250 |  89  2F  00  0A  30  02  90  2F  00  52  98  2F  00  52  88  B0
  260 |  00  04  80  2F  00  0E  D0  AF  00  06  D5  80  D0  AF  00  0A
  270 |  D5  80  D0  AF  00  0E  D5  80  88  30  00  02  90  2F  00  00
  280 |  D0  2F  00  00  D5  80  88  30  00  06  90  2F  00  02  D0  2F
  290 |  00  02  D5  80  88  2F  00  00  89  2F  00  02  18  02  90  2F
  2A0 |  00  56  88  2F  00  56  90  2F  00  04  D0  2F  00  04  D5  80
  2B0 |  88  2F  00  02  89  2F  00  00  20  02  90  2F  00  58  88  2F
  2C0 |  00  58  90  2F  00  04  D0  2F  00  04  D5  80  F8  00  00  00
  2D0 |  00  00  00  00  00  00  00  00  00  00  00  00  00  00  00  00
  2E0 |  00  00  00  00  00  00  00  00  00  00  00  00  00  00  00  00
  2F0 |  00  00  00  00  00  00  00  00  00  00  00  00  00  00  00  00
  300 |  00  00  00  00  00  00  00  00  00  00  00  00  00  00  00  00
  310 |  00  00  00  00  00  00  00  00  00  00  00  00  00  00  00  00
  320 |  00  00  00  00  00  00  00  00  00  00  00  00  00  00  5C  30
  330 |  30  30  00  30  46  41  4C  53  45  00  54  52  55  45  00  45
  340 |  00  00  00  00  00  00  00  00  00  00  00  00  00  00  00  00
  350 |  00  00  00  00  00  00  00  00  00  00  00  00  00  00  00  00
  360 |  00  00  00  00  00  00  00  00  00  00  00  00  00  00  00  00
  370 |  00  00  00  00  00  00  00  00  00  00  00  00  00  00  00  00
  380 |  00  00  00  00  00  00  00  00  00  00  00  00  00  00  00  00
  390 |  00  00  00  00  00  00  00  00  00  00  00  00  00  00  00  00
  3A0 |  00  00  00  00  00  00  00  00  00  00  00  00  00  00  00  00
  3B0 |  00  00  00  00  00  00  00  00  00  00  00  00  00  00  00  00
  3C0 |  00  00  00  00  00  00  00  00  00  00  00  00  00  00  00  00
  3D0 |  00  00  00  00  00  00  00  00  00  00  00  00  00  00  00  00
  3E0 |  00  00  00  00  00  00  00  00  00  00  00  00  00  00  00  00
  3F0 |  00  00  00  00  00  00  00  00  00  00  00  00  00  00  00  00
  400 |  00  00  00  00  00  00  00  00  00  00  00  00  00  00  00  00
  410 |  00  00  00  00  00  00  00  00  00  00  00  00  00  00  00  00
  420 |  00  00  00  00  00  00  00  00  00  00  00  00  00  00  00  00
  430 |  00  00  00  00  00  00  00  00  00  00  00  00  00  00  00  00
  440 |  00  00  00  00  00  00  00  00  00  00  00  00  00  00  00  00
  450 |  00  00  00  00  00  00  00  00  00  00  00  00  00  00  00  00
  460 |  00  00  00  00  00  00  00  00  00  00  00  00  00  00  00  00
  470 |  00  00  00  00  00  00  00  00  00  00  00  00  00  00  00  00
  480 |  00  00  00  00  00  00  00  00  00  00  00  00  00  00  00  00
  490 |  00  00  00  00  00  00  00  00  00  00  00  00  00  00  00  00
  4A0 |  00  00  00  00  00  00  00  00  00  00  00  00  00  00  00  00
  4B0 |  00  00  00  00  00  00  00  00  00  00  00  00  00  00  00  00
  4C0 |  00  00  00  00  00  00  00  00  00  00  00  00  00  00  00  00
  4D0 |  00  00  00  00  00  00  00  00  00  00  00  00  00  00  00  00
  4E0 |  00  00  00  00  00  00  00  00  00  00  00  00  00  00  00  00
  4F0 |  00  00  00  00  00  00  00  00  00  00  00  00  00  00  00  00
  500 |  00  00  00  00  00  00  00  00  00  00  00  00  00  00  00  00
  510 |  00  00  00  00  00  00  00  00  00  00  00  00  00  00  00  00
  520 |  00  00  00  00  00  00  00  00  00  00  00  00  00  00  00  00
  530 |  00  00  00  00  00  00  00  00  00  00  00  00  00  00  00  00
  540 |  00  00  00  00  00  00  00  00  00  00  00  00  00  00  00  00
  550 |  00  00  00  00  00  00  00  00  00  00  00  00  00  00  00  00
  560 |  00  00  00  00  00  00  00  00  00  00  00  00  00  00  00  00
  570 |  00  00  00  00  00  00  00  00  00  00  00  00  00  00  00  00
  580 |  00  00  00  00  00  00  00  00  00  00  00  00  00  00  00  00
  590 |  00  00  00  00  00  00  00  00  00  00  00  00  00  00  00  00
  5A0 |  00  00  00  00  00  00  00  00  00  00  00  00  00  00  00  00
  5B0 |  00  00  00  00  00  00  00  00  00  00  00  00  00  00  00  00
  5C0 |  00  00  00  00  00  00  00  00  00  00  00  00  00  00  00  00
  5D0 |  00  00  00  00  00  00  00  00  00  00  00  00  00  00  00  00
  5E0 |  00  00  00  00  00  00  00  00  00  00  00  00  00  00  00  00
  5F0 |  00  00  00  00  00  00  00  00  00  00  00  00  00  00  00  00
  600 |  00  00  00  00  00  00  00  00  00  00  00  00  00  00  00  00
  610 |  00  00  00  00  00  00  00  00  00  00  00  00  00  00  00  00
  620 |  00  00  00  00  00  00  00  00  00  00  00  00  00  00  00  00
  630 |  00  00  00  00  00  00  00  00  00  00  00  00  00  00  00  00
  640 |  00  00  00  00  00  00  00  00  00  00  00  00  00  00  00  00
  650 |  00  00  00  00  00  00  00  00  00  00  00  00  00  00  00  00
  660 |  00  00  00  00  00  00  00  00  00  00  00  00  00  00  00  00
  670 |  00  00  00  00  00  00  00  00  00  00  00  00  00  00  00  00
  680 |  00  00  00  00  00  00  00  00  00  00  00  00  00  00  00  00
  690 |  00  00  00  00  00  00  00  00  00  00  00  00  00  00  00  00
  6A0 |  00  00  00  00  00  00  00  00  00  00  00  00  00  00  00  00
  6B0 |  00  00  00  00  00  00  00  00  00  00  00  00  00  00  00  00
  6C0 |  00  00  00  00  00  00  00  00  00  00  00  00  00  00  00  00
  6D0 |  00  00  00  00  00  00  00  00  00  00  00  00  00  00  00  00
  6E0 |  00  00  00  00  00  00  00  00  00  00  00  00  00  00  00  00
  6F0 |  00  00  00  00  00  00  00  00  00  00  00  00  00  00  00  00
  700 |  00  00  00  00  00  00  00  00  00  00  00  00  00  00  00  00
  710 |  00  00  00  00  00  00  00  00  00  00  00  00  00  00  00  00
  720 |  00  00  00  00  00  00  00  00  00  00  00  00  00  00  00  00
  730 |  00  00  00  00  00  00  00  00  00  00  00  00  00  00  00  00
  740 |  3F  8C  CC  CD  40  0C  CC  CD  3F  81  47  AE  3F  81  47  AE
  750 |  42  F6  33  33  43  A0  8C  CD  3F  8C  CC  CD  40  00  00  00
  760 |  40  C0  00  00  40  A3  33  33

